0 info it worked if it ends with ok
1 verbose cli [ '/usr/local/bin/node', '/usr/local/bin/npm', 'install', 'node' ]
2 info using npm@3.10.10
3 info using node@v6.11.4
4 silly loadCurrentTree Starting
5 silly install loadCurrentTree
6 silly install readLocalPackageData
7 silly fetchPackageMetaData node
8 silly fetchNamedPackageData node
9 silly mapToRegistry name node
10 silly mapToRegistry using default registry
11 silly mapToRegistry registry https://registry.npmjs.org/
12 silly mapToRegistry data Result {
12 silly mapToRegistry   raw: 'node',
12 silly mapToRegistry   scope: null,
12 silly mapToRegistry   escapedName: 'node',
12 silly mapToRegistry   name: 'node',
12 silly mapToRegistry   rawSpec: '',
12 silly mapToRegistry   spec: 'latest',
12 silly mapToRegistry   type: 'tag' }
13 silly mapToRegistry uri https://registry.npmjs.org/node
14 verbose request uri https://registry.npmjs.org/node
15 verbose request no auth needed
16 info attempt registry request try #1 at 4:24:15 PM
17 verbose request id 05703fe5548647c5
18 verbose etag W/"59cd741e-4e34a"
19 verbose lastModified Thu, 28 Sep 2017 22:13:50 GMT
20 http request GET https://registry.npmjs.org/node
21 http 304 https://registry.npmjs.org/node
22 verbose headers { date: 'Thu, 26 Oct 2017 23:24:15 GMT',
22 verbose headers   via: '1.1 varnish',
22 verbose headers   'cache-control': 'max-age=300',
22 verbose headers   etag: 'W/"59cd741e-4e34a"',
22 verbose headers   age: '0',
22 verbose headers   connection: 'keep-alive',
22 verbose headers   'x-served-by': 'cache-lax8628-LAX',
22 verbose headers   'x-cache': 'HIT',
22 verbose headers   'x-cache-hits': '1',
22 verbose headers   'x-timer': 'S1509060256.832362,VS0,VE31',
22 verbose headers   vary: 'Accept-Encoding, Accept' }
23 silly get cb [ 304,
23 silly get   { date: 'Thu, 26 Oct 2017 23:24:15 GMT',
23 silly get     via: '1.1 varnish',
23 silly get     'cache-control': 'max-age=300',
23 silly get     etag: 'W/"59cd741e-4e34a"',
23 silly get     age: '0',
23 silly get     connection: 'keep-alive',
23 silly get     'x-served-by': 'cache-lax8628-LAX',
23 silly get     'x-cache': 'HIT',
23 silly get     'x-cache-hits': '1',
23 silly get     'x-timer': 'S1509060256.832362,VS0,VE31',
23 silly get     vary: 'Accept-Encoding, Accept' } ]
24 verbose etag https://registry.npmjs.org/node from cache
25 verbose get saving node to /Users/MichaellAhn/.npm/registry.npmjs.org/node/.cache.json
26 verbose correctMkdir /Users/MichaellAhn/.npm correctMkdir not in flight; initializing
27 silly install normalizeTree
28 silly loadCurrentTree Finishing
29 silly loadIdealTree Starting
30 silly install loadIdealTree
31 silly cloneCurrentTree Starting
32 silly install cloneCurrentTreeToIdealTree
33 silly cloneCurrentTree Finishing
34 silly loadShrinkwrap Starting
35 silly install loadShrinkwrap
36 silly loadShrinkwrap Finishing
37 silly loadAllDepsIntoIdealTree Starting
38 silly install loadAllDepsIntoIdealTree
39 silly resolveWithNewModule node@8.3.0 checking installable status
40 silly cache add args [ 'node', null ]
41 verbose cache add spec node
42 silly cache add parsed spec Result {
42 silly cache add   raw: 'node',
42 silly cache add   scope: null,
42 silly cache add   escapedName: 'node',
42 silly cache add   name: 'node',
42 silly cache add   rawSpec: '',
42 silly cache add   spec: 'latest',
42 silly cache add   type: 'tag' }
43 silly addNamed node@latest
44 verbose addNamed "latest" is being treated as a dist-tag for node
45 info addNameTag [ 'node', 'latest' ]
46 silly mapToRegistry name node
47 silly mapToRegistry using default registry
48 silly mapToRegistry registry https://registry.npmjs.org/
49 silly mapToRegistry data Result {
49 silly mapToRegistry   raw: 'node',
49 silly mapToRegistry   scope: null,
49 silly mapToRegistry   escapedName: 'node',
49 silly mapToRegistry   name: 'node',
49 silly mapToRegistry   rawSpec: '',
49 silly mapToRegistry   spec: 'latest',
49 silly mapToRegistry   type: 'tag' }
50 silly mapToRegistry uri https://registry.npmjs.org/node
51 verbose addNameTag registry:https://registry.npmjs.org/node not in flight; fetching
52 verbose get https://registry.npmjs.org/node not expired, no request
53 silly addNameTag next cb for node with tag latest
54 silly addNamed node@8.3.0
55 verbose addNamed "8.3.0" is a plain semver version for node
56 silly cache afterAdd node@8.3.0
57 verbose afterAdd /Users/MichaellAhn/.npm/node/8.3.0/package/package.json not in flight; writing
58 verbose correctMkdir /Users/MichaellAhn/.npm correctMkdir not in flight; initializing
59 verbose afterAdd /Users/MichaellAhn/.npm/node/8.3.0/package/package.json written
60 silly fetchNamedPackageData node-bin-setup
61 silly mapToRegistry name node-bin-setup
62 silly mapToRegistry using default registry
63 silly mapToRegistry registry https://registry.npmjs.org/
64 silly mapToRegistry data Result {
64 silly mapToRegistry   raw: 'node-bin-setup',
64 silly mapToRegistry   scope: null,
64 silly mapToRegistry   escapedName: 'node-bin-setup',
64 silly mapToRegistry   name: 'node-bin-setup',
64 silly mapToRegistry   rawSpec: '',
64 silly mapToRegistry   spec: 'latest',
64 silly mapToRegistry   type: 'tag' }
65 silly mapToRegistry uri https://registry.npmjs.org/node-bin-setup
66 verbose request uri https://registry.npmjs.org/node-bin-setup
67 verbose request no auth needed
68 info attempt registry request try #1 at 4:24:15 PM
69 verbose etag W/"5976bbea-1511"
70 verbose lastModified Tue, 25 Jul 2017 03:32:58 GMT
71 http request GET https://registry.npmjs.org/node-bin-setup
72 http 304 https://registry.npmjs.org/node-bin-setup
73 verbose headers { date: 'Thu, 26 Oct 2017 23:24:16 GMT',
73 verbose headers   via: '1.1 varnish',
73 verbose headers   'cache-control': 'max-age=300',
73 verbose headers   etag: 'W/"5976bbea-1511"',
73 verbose headers   age: '0',
73 verbose headers   connection: 'keep-alive',
73 verbose headers   'x-served-by': 'cache-lax8628-LAX',
73 verbose headers   'x-cache': 'HIT',
73 verbose headers   'x-cache-hits': '1',
73 verbose headers   'x-timer': 'S1509060256.028538,VS0,VE31',
73 verbose headers   vary: 'Accept-Encoding, Accept' }
74 silly get cb [ 304,
74 silly get   { date: 'Thu, 26 Oct 2017 23:24:16 GMT',
74 silly get     via: '1.1 varnish',
74 silly get     'cache-control': 'max-age=300',
74 silly get     etag: 'W/"5976bbea-1511"',
74 silly get     age: '0',
74 silly get     connection: 'keep-alive',
74 silly get     'x-served-by': 'cache-lax8628-LAX',
74 silly get     'x-cache': 'HIT',
74 silly get     'x-cache-hits': '1',
74 silly get     'x-timer': 'S1509060256.028538,VS0,VE31',
74 silly get     vary: 'Accept-Encoding, Accept' } ]
75 verbose etag https://registry.npmjs.org/node-bin-setup from cache
76 verbose get saving node-bin-setup to /Users/MichaellAhn/.npm/registry.npmjs.org/node-bin-setup/.cache.json
77 verbose correctMkdir /Users/MichaellAhn/.npm correctMkdir not in flight; initializing
78 silly resolveWithNewModule node-bin-setup@1.0.6 checking installable status
79 silly cache add args [ 'node-bin-setup@^1.0.0', null ]
80 verbose cache add spec node-bin-setup@^1.0.0
81 silly cache add parsed spec Result {
81 silly cache add   raw: 'node-bin-setup@^1.0.0',
81 silly cache add   scope: null,
81 silly cache add   escapedName: 'node-bin-setup',
81 silly cache add   name: 'node-bin-setup',
81 silly cache add   rawSpec: '^1.0.0',
81 silly cache add   spec: '>=1.0.0 <2.0.0',
81 silly cache add   type: 'range' }
82 silly addNamed node-bin-setup@>=1.0.0 <2.0.0
83 verbose addNamed ">=1.0.0 <2.0.0" is a valid semver range for node-bin-setup
84 silly addNameRange { name: 'node-bin-setup',
84 silly addNameRange   range: '>=1.0.0 <2.0.0',
84 silly addNameRange   hasData: false }
85 silly mapToRegistry name node-bin-setup
86 silly mapToRegistry using default registry
87 silly mapToRegistry registry https://registry.npmjs.org/
88 silly mapToRegistry data Result {
88 silly mapToRegistry   raw: 'node-bin-setup',
88 silly mapToRegistry   scope: null,
88 silly mapToRegistry   escapedName: 'node-bin-setup',
88 silly mapToRegistry   name: 'node-bin-setup',
88 silly mapToRegistry   rawSpec: '',
88 silly mapToRegistry   spec: 'latest',
88 silly mapToRegistry   type: 'tag' }
89 silly mapToRegistry uri https://registry.npmjs.org/node-bin-setup
90 verbose addNameRange registry:https://registry.npmjs.org/node-bin-setup not in flight; fetching
91 verbose get https://registry.npmjs.org/node-bin-setup not expired, no request
92 silly addNameRange number 2 { name: 'node-bin-setup',
92 silly addNameRange   range: '>=1.0.0 <2.0.0',
92 silly addNameRange   hasData: true }
93 silly addNameRange versions [ 'node-bin-setup',
93 silly addNameRange   [ '1.0.0', '1.0.1', '1.0.2', '1.0.3', '1.0.4', '1.0.6' ] ]
94 silly addNamed node-bin-setup@1.0.6
95 verbose addNamed "1.0.6" is a plain semver version for node-bin-setup
96 silly cache afterAdd node-bin-setup@1.0.6
97 verbose afterAdd /Users/MichaellAhn/.npm/node-bin-setup/1.0.6/package/package.json not in flight; writing
98 verbose correctMkdir /Users/MichaellAhn/.npm correctMkdir not in flight; initializing
99 verbose afterAdd /Users/MichaellAhn/.npm/node-bin-setup/1.0.6/package/package.json written
100 silly loadAllDepsIntoIdealTree Finishing
101 silly loadIdealTree Finishing
102 silly currentTree node
102 silly currentTree ├── accepts@1.3.4
102 silly currentTree ├── array-flatten@1.1.1
102 silly currentTree ├── bignumber.js@4.0.4
102 silly currentTree ├── body-parser@1.18.2
102 silly currentTree ├── bytes@3.0.0
102 silly currentTree ├── content-disposition@0.5.2
102 silly currentTree ├── content-type@1.0.4
102 silly currentTree ├── cookie-signature@1.0.6
102 silly currentTree ├── cookie@0.3.1
102 silly currentTree ├── core-util-is@1.0.2
102 silly currentTree ├── debug@2.6.9
102 silly currentTree ├── depd@1.1.1
102 silly currentTree ├── destroy@1.0.4
102 silly currentTree ├── ee-first@1.1.1
102 silly currentTree ├── encodeurl@1.0.1
102 silly currentTree ├── escape-html@1.0.3
102 silly currentTree ├── etag@1.8.1
102 silly currentTree ├── express@4.16.2
102 silly currentTree ├── finalhandler@1.1.0
102 silly currentTree ├── forwarded@0.1.2
102 silly currentTree ├── fresh@0.5.2
102 silly currentTree ├─┬ http-errors@1.6.2
102 silly currentTree │ └── setprototypeof@1.0.3
102 silly currentTree ├── iconv-lite@0.4.19
102 silly currentTree ├── inherits@2.0.3
102 silly currentTree ├── ipaddr.js@1.5.2
102 silly currentTree ├── isarray@1.0.0
102 silly currentTree ├── media-typer@0.3.0
102 silly currentTree ├── merge-descriptors@1.0.1
102 silly currentTree ├── methods@1.1.2
102 silly currentTree ├── mime-db@1.30.0
102 silly currentTree ├── mime-types@2.1.17
102 silly currentTree ├── mime@1.4.1
102 silly currentTree ├── ms@2.0.0
102 silly currentTree ├── mysql@2.15.0
102 silly currentTree ├── negotiator@0.6.1
102 silly currentTree ├── on-finished@2.3.0
102 silly currentTree ├── parseurl@1.3.2
102 silly currentTree ├── path-to-regexp@0.1.7
102 silly currentTree ├── process-nextick-args@1.0.7
102 silly currentTree ├── proxy-addr@2.0.2
102 silly currentTree ├── qs@6.5.1
102 silly currentTree ├── range-parser@1.2.0
102 silly currentTree ├── raw-body@2.3.2
102 silly currentTree ├── readable-stream@2.3.3
102 silly currentTree ├── safe-buffer@5.1.1
102 silly currentTree ├── send@0.16.1
102 silly currentTree ├── serve-static@1.13.1
102 silly currentTree ├── setprototypeof@1.1.0
102 silly currentTree ├── sqlstring@2.3.0
102 silly currentTree ├── statuses@1.3.1
102 silly currentTree ├── string_decoder@1.0.3
102 silly currentTree ├── type-is@1.6.15
102 silly currentTree ├── unpipe@1.0.0
102 silly currentTree ├── util-deprecate@1.0.2
102 silly currentTree ├── utils-merge@1.0.1
102 silly currentTree └── vary@1.1.2
103 silly idealTree node
103 silly idealTree ├── accepts@1.3.4
103 silly idealTree ├── array-flatten@1.1.1
103 silly idealTree ├── bignumber.js@4.0.4
103 silly idealTree ├── body-parser@1.18.2
103 silly idealTree ├── bytes@3.0.0
103 silly idealTree ├── content-disposition@0.5.2
103 silly idealTree ├── content-type@1.0.4
103 silly idealTree ├── cookie-signature@1.0.6
103 silly idealTree ├── cookie@0.3.1
103 silly idealTree ├── core-util-is@1.0.2
103 silly idealTree ├── debug@2.6.9
103 silly idealTree ├── depd@1.1.1
103 silly idealTree ├── destroy@1.0.4
103 silly idealTree ├── ee-first@1.1.1
103 silly idealTree ├── encodeurl@1.0.1
103 silly idealTree ├── escape-html@1.0.3
103 silly idealTree ├── etag@1.8.1
103 silly idealTree ├── express@4.16.2
103 silly idealTree ├── finalhandler@1.1.0
103 silly idealTree ├── forwarded@0.1.2
103 silly idealTree ├── fresh@0.5.2
103 silly idealTree ├─┬ http-errors@1.6.2
103 silly idealTree │ └── setprototypeof@1.0.3
103 silly idealTree ├── iconv-lite@0.4.19
103 silly idealTree ├── inherits@2.0.3
103 silly idealTree ├── ipaddr.js@1.5.2
103 silly idealTree ├── isarray@1.0.0
103 silly idealTree ├── media-typer@0.3.0
103 silly idealTree ├── merge-descriptors@1.0.1
103 silly idealTree ├── methods@1.1.2
103 silly idealTree ├── mime-db@1.30.0
103 silly idealTree ├── mime-types@2.1.17
103 silly idealTree ├── mime@1.4.1
103 silly idealTree ├── ms@2.0.0
103 silly idealTree ├── mysql@2.15.0
103 silly idealTree ├── negotiator@0.6.1
103 silly idealTree ├── node-bin-setup@1.0.6
103 silly idealTree ├── node@8.3.0
103 silly idealTree ├── on-finished@2.3.0
103 silly idealTree ├── parseurl@1.3.2
103 silly idealTree ├── path-to-regexp@0.1.7
103 silly idealTree ├── process-nextick-args@1.0.7
103 silly idealTree ├── proxy-addr@2.0.2
103 silly idealTree ├── qs@6.5.1
103 silly idealTree ├── range-parser@1.2.0
103 silly idealTree ├── raw-body@2.3.2
103 silly idealTree ├── readable-stream@2.3.3
103 silly idealTree ├── safe-buffer@5.1.1
103 silly idealTree ├── send@0.16.1
103 silly idealTree ├── serve-static@1.13.1
103 silly idealTree ├── setprototypeof@1.1.0
103 silly idealTree ├── sqlstring@2.3.0
103 silly idealTree ├── statuses@1.3.1
103 silly idealTree ├── string_decoder@1.0.3
103 silly idealTree ├── type-is@1.6.15
103 silly idealTree ├── unpipe@1.0.0
103 silly idealTree ├── util-deprecate@1.0.2
103 silly idealTree ├── utils-merge@1.0.1
103 silly idealTree └── vary@1.1.2
104 silly generateActionsToTake Starting
105 silly install generateActionsToTake
106 silly generateActionsToTake Finishing
107 silly diffTrees action count 2
108 silly diffTrees add node-bin-setup@1.0.6
109 silly diffTrees add node@8.3.0
110 silly decomposeActions action count 16
111 silly decomposeActions fetch node-bin-setup@1.0.6
112 silly decomposeActions extract node-bin-setup@1.0.6
113 silly decomposeActions test node-bin-setup@1.0.6
114 silly decomposeActions preinstall node-bin-setup@1.0.6
115 silly decomposeActions build node-bin-setup@1.0.6
116 silly decomposeActions install node-bin-setup@1.0.6
117 silly decomposeActions postinstall node-bin-setup@1.0.6
118 silly decomposeActions finalize node-bin-setup@1.0.6
119 silly decomposeActions fetch node@8.3.0
120 silly decomposeActions extract node@8.3.0
121 silly decomposeActions test node@8.3.0
122 silly decomposeActions preinstall node@8.3.0
123 silly decomposeActions build node@8.3.0
124 silly decomposeActions install node@8.3.0
125 silly decomposeActions postinstall node@8.3.0
126 silly decomposeActions finalize node@8.3.0
127 silly runTopLevelLifecycles Starting
128 silly executeActions Starting
129 silly install executeActions
130 silly doSerial global-install 0
131 silly doParallel fetch 2
132 verbose correctMkdir /Users/MichaellAhn/.npm/_locks correctMkdir not in flight; initializing
133 verbose lock using /Users/MichaellAhn/.npm/_locks/staging-472999a172b77e9b.lock for /Users/MichaellAhn/Desktop/LFZ/SGT/SGT_backend/node/node_modules/.staging
134 silly doParallel extract 2
135 silly extract node-bin-setup@1.0.6
136 silly extract node@8.3.0
137 verbose unbuild node_modules/.staging/node-bin-setup-94fa611a
138 verbose unbuild node_modules/.staging/node-79803f00
139 silly gentlyRm /Users/MichaellAhn/Desktop/LFZ/SGT/SGT_backend/node/node_modules/.staging/node-bin-setup-94fa611a is being purged from base /Users/MichaellAhn/Desktop/LFZ/SGT/SGT_backend/node
140 verbose gentlyRm don't care about contents; nuking /Users/MichaellAhn/Desktop/LFZ/SGT/SGT_backend/node/node_modules/.staging/node-bin-setup-94fa611a
141 silly gentlyRm /Users/MichaellAhn/Desktop/LFZ/SGT/SGT_backend/node/node_modules/.staging/node-79803f00 is being purged from base /Users/MichaellAhn/Desktop/LFZ/SGT/SGT_backend/node
142 verbose gentlyRm don't care about contents; nuking /Users/MichaellAhn/Desktop/LFZ/SGT/SGT_backend/node/node_modules/.staging/node-79803f00
143 verbose tar unpack /Users/MichaellAhn/.npm/node-bin-setup/1.0.6/package.tgz
144 verbose tar unpacking to /Users/MichaellAhn/Desktop/LFZ/SGT/SGT_backend/node/node_modules/.staging/node-bin-setup-94fa611a
145 silly gentlyRm /Users/MichaellAhn/Desktop/LFZ/SGT/SGT_backend/node/node_modules/.staging/node-bin-setup-94fa611a is being purged
146 verbose gentlyRm don't care about contents; nuking /Users/MichaellAhn/Desktop/LFZ/SGT/SGT_backend/node/node_modules/.staging/node-bin-setup-94fa611a
147 verbose tar unpack /Users/MichaellAhn/.npm/node/8.3.0/package.tgz
148 verbose tar unpacking to /Users/MichaellAhn/Desktop/LFZ/SGT/SGT_backend/node/node_modules/.staging/node-79803f00
149 silly gentlyRm /Users/MichaellAhn/Desktop/LFZ/SGT/SGT_backend/node/node_modules/.staging/node-79803f00 is being purged
150 verbose gentlyRm don't care about contents; nuking /Users/MichaellAhn/Desktop/LFZ/SGT/SGT_backend/node/node_modules/.staging/node-79803f00
151 silly gunzTarPerm modes [ '755', '644' ]
152 silly gunzTarPerm modes [ '755', '644' ]
153 silly gunzTarPerm extractEntry package.json
154 silly gunzTarPerm extractEntry package.json
155 silly gunzTarPerm extractEntry index.js
156 silly gunzTarPerm extractEntry README.md
157 silly gunzTarPerm extractEntry installArchSpecificPackage.js
158 silly gentlyRm /Users/MichaellAhn/Desktop/LFZ/SGT/SGT_backend/node/node_modules/.staging/node-bin-setup-94fa611a/node_modules is being purged
159 verbose gentlyRm don't care about contents; nuking /Users/MichaellAhn/Desktop/LFZ/SGT/SGT_backend/node/node_modules/.staging/node-bin-setup-94fa611a/node_modules
160 silly gentlyRm /Users/MichaellAhn/Desktop/LFZ/SGT/SGT_backend/node/node_modules/.staging/node-79803f00/node_modules is being purged
161 verbose gentlyRm don't care about contents; nuking /Users/MichaellAhn/Desktop/LFZ/SGT/SGT_backend/node/node_modules/.staging/node-79803f00/node_modules
162 silly doParallel preinstall 2
163 silly preinstall node-bin-setup@1.0.6 /Users/MichaellAhn/Desktop/LFZ/SGT/SGT_backend/node/node_modules/.staging/node-bin-setup-94fa611a
164 info lifecycle node-bin-setup@1.0.6~preinstall: node-bin-setup@1.0.6
165 silly preinstall node@8.3.0 /Users/MichaellAhn/Desktop/LFZ/SGT/SGT_backend/node/node_modules/.staging/node-79803f00
166 info lifecycle node@8.3.0~preinstall: node@8.3.0
167 silly lifecycle node-bin-setup@1.0.6~preinstall: no script for preinstall, continuing
168 verbose lifecycle node@8.3.0~preinstall: unsafe-perm in lifecycle true
169 verbose lifecycle node@8.3.0~preinstall: PATH: /usr/local/lib/node_modules/npm/bin/node-gyp-bin:/Users/MichaellAhn/Desktop/LFZ/SGT/SGT_backend/node/node_modules/.staging/node-79803f00/node_modules/.bin:/Users/MichaellAhn/Desktop/LFZ/SGT/SGT_backend/node/node_modules/.bin:/usr/local/bin:/usr/bin:/bin:/usr/sbin:/sbin
170 verbose lifecycle node@8.3.0~preinstall: CWD: /Users/MichaellAhn/Desktop/LFZ/SGT/SGT_backend/node/node_modules/.staging/node-79803f00
171 silly lifecycle node@8.3.0~preinstall: Args: [ '-c', 'node installArchSpecificPackage' ]
172 silly lifecycle node@8.3.0~preinstall: Returned: code: 1  signal: null
173 info lifecycle node@8.3.0~preinstall: Failed to exec preinstall script
174 verbose unlock done using /Users/MichaellAhn/.npm/_locks/staging-472999a172b77e9b.lock for /Users/MichaellAhn/Desktop/LFZ/SGT/SGT_backend/node/node_modules/.staging
175 silly rollbackFailedOptional Starting
176 silly rollbackFailedOptional Finishing
177 silly runTopLevelLifecycles Finishing
178 silly install printInstalled
179 warn enoent ENOENT: no such file or directory, open '/Users/MichaellAhn/Desktop/LFZ/SGT/SGT_backend/node/package.json'
180 verbose enoent ENOENT: no such file or directory, open '/Users/MichaellAhn/Desktop/LFZ/SGT/SGT_backend/node/package.json'
180 verbose enoent This is most likely not a problem with npm itself
180 verbose enoent and is related to npm not being able to find a file.
181 warn node No description
182 verbose If you need help, you may report this error at:
182 verbose     <https://github.com/npm/npm/issues>
183 warn node No repository field.
184 verbose If you need help, you may report this error at:
184 verbose     <https://github.com/npm/npm/issues>
185 warn node No README data
186 verbose If you need help, you may report this error at:
186 verbose     <https://github.com/npm/npm/issues>
187 warn node No license field.
188 verbose If you need help, you may report this error at:
188 verbose     <https://github.com/npm/npm/issues>
189 verbose stack Error: node@8.3.0 preinstall: `node installArchSpecificPackage`
189 verbose stack Exit status 1
189 verbose stack     at EventEmitter.<anonymous> (/usr/local/lib/node_modules/npm/lib/utils/lifecycle.js:255:16)
189 verbose stack     at emitTwo (events.js:106:13)
189 verbose stack     at EventEmitter.emit (events.js:191:7)
189 verbose stack     at ChildProcess.<anonymous> (/usr/local/lib/node_modules/npm/lib/utils/spawn.js:40:14)
189 verbose stack     at emitTwo (events.js:106:13)
189 verbose stack     at ChildProcess.emit (events.js:191:7)
189 verbose stack     at maybeClose (internal/child_process.js:920:16)
189 verbose stack     at Process.ChildProcess._handle.onexit (internal/child_process.js:230:5)
190 verbose pkgid node@8.3.0
191 verbose cwd /Users/MichaellAhn/Desktop/LFZ/SGT/SGT_backend/node
192 error Darwin 16.7.0
193 error argv "/usr/local/bin/node" "/usr/local/bin/npm" "install" "node"
194 error node v6.11.4
195 error npm  v3.10.10
196 error code ELIFECYCLE
197 error node@8.3.0 preinstall: `node installArchSpecificPackage`
197 error Exit status 1
198 error Failed at the node@8.3.0 preinstall script 'node installArchSpecificPackage'.
198 error Make sure you have the latest version of node.js and npm installed.
198 error If you do, this is most likely a problem with the node package,
198 error not with npm itself.
198 error Tell the author that this fails on your system:
198 error     node installArchSpecificPackage
198 error You can get information on how to open an issue for this project with:
198 error     npm bugs node
198 error Or if that isn't available, you can get their info via:
198 error     npm owner ls node
198 error There is likely additional logging output above.
199 verbose exit [ 1, true ]
